[debug] [2019-08-11T21:16:20.527Z] ----------------------------------------------------------------------
[debug] [2019-08-11T21:16:20.529Z] Command:       C:\Program Files\nodejs\node.exe C:\Users\Joe.DESKTOP-4BRHLNO\AppData\Roaming\npm\node_modules\firebase-tools\lib\bin\firebase.js init
[debug] [2019-08-11T21:16:20.530Z] CLI Version:   7.2.2
[debug] [2019-08-11T21:16:20.530Z] Platform:      win32
[debug] [2019-08-11T21:16:20.530Z] Node Version:  v10.15.3
[debug] [2019-08-11T21:16:20.531Z] Time:          Sun Aug 11 2019 17:16:20 GMT-0400 (Eastern Daylight Time)
[debug] [2019-08-11T21:16:20.531Z] ----------------------------------------------------------------------
[debug] 
[debug] [2019-08-11T21:16:20.538Z] > command requires scopes: ["email","openid","https://www.googleapis.com/auth/cloudplatformprojects.readonly","https://www.googleapis.com/auth/firebase","https://www.googleapis.com/auth/cloud-platform"]
[debug] [2019-08-11T21:16:20.539Z] > authorizing via signed-in user
[info] 
     ######## #### ########  ######## ########     ###     ######  ########
     ##        ##  ##     ## ##       ##     ##  ##   ##  ##       ##
     ######    ##  ########  ######   ########  #########  ######  ######
     ##        ##  ##    ##  ##       ##     ## ##     ##       ## ##
     ##       #### ##     ## ######## ########  ##     ##  ######  ########

You're about to initialize a Firebase project in this directory:

  C:\Users\Joe.DESKTOP-4BRHLNO\Documents\M1 Technology Non-Cloud\Angular8Timecard

Before we get started, keep in mind:

  * You are initializing in an existing Firebase project directory

[info] 
=== Project Setup
[info] 
[info] First, let's associate this project directory with a Firebase project.
[info] You can create multiple project aliases by running firebase use --add, 
[info] but for now we'll just set up a default project.
[info] 
[info] i  .firebaserc already has a default project, using m1-timecard-2.
[debug] [2019-08-11T21:16:26.026Z] >>> HTTP REQUEST GET https://firebase.googleapis.com/v1beta1/projects/m1-timecard-2  
 
[debug] [2019-08-11T21:16:26.281Z] <<< HTTP RESPONSE 200
[info] 
=== Database Setup
[info] 
[info] Firebase Realtime Database Rules allow you to define how your data should be
[info] structured and when your data can be read from and written to.
[info] 
[info] +  Database Rules for  have been downloaded to database.rules.json.
[info] Future modifications to database.rules.json will update Database Rules when you run
[info] firebase deploy.
[info] 
=== Hosting Setup
[info] 
[info] Your public directory is the folder (relative to your project directory) that
[info] will contain Hosting assets to be uploaded with firebase deploy. If you
[info] have a build process for your assets, use your build's output directory.
[info] 
